<?xml version="1.0" encoding="UTF-8"?>
<!-- Generated by org.testng.reporters.JUnitXMLReporter -->
<testsuite ignored="1" hostname="DESKTOP-SLHGV21" failures="2" tests="6" name="chromeTest" time="43.22" errors="0" timestamp="2025-06-06T18:32:09 IST">
  <testcase classname="testCases.tc002_loginTest" name="verifyLogin" time="3.154"/>
  <testcase classname="testCases.tc003_loginDataDrivenTest" name="verify_loginDDT" time="11.834">
    <failure type="java.lang.AssertionError" message="null">
      <![CDATA[java.lang.AssertionError: null
at testCases.tc003_loginDataDrivenTest.verify_loginDDT(tc003_loginDataDrivenTest.java:85)
at java.base/java.util.ArrayList.forEach(ArrayList.java:1596)
... Removed 31 stack frames]]>
    </failure>
  </testcase> <!-- verify_loginDDT -->
  <testcase classname="testCases.tc003_loginDataDrivenTest" name="verify_loginDDT" time="2.516"/>
  <testcase classname="testCases.tc003_loginDataDrivenTest" name="verify_loginDDT" time="2.161"/>
  <testcase classname="testCases.tc003_loginDataDrivenTest" name="verify_loginDDT" time="11.644">
    <failure type="java.lang.AssertionError" message="null">
      <![CDATA[java.lang.AssertionError: null
at testCases.tc003_loginDataDrivenTest.verify_loginDDT(tc003_loginDataDrivenTest.java:85)
at java.base/java.util.ArrayList.forEach(ArrayList.java:1596)
... Removed 31 stack frames]]>
    </failure>
  </testcase> <!-- verify_loginDDT -->
  <testcase classname="testCases.tc003_loginDataDrivenTest" name="verify_loginDDT" time="2.221"/>
  <testcase classname="testCases.tc001_accountRegistrationTest" name="verify_account_registration" time="0.0">
    <ignored/>
  </testcase> <!-- verify_account_registration -->
</testsuite> <!-- chromeTest -->
